<?xml version="1.0" encoding="UTF-8"?>
<testsuite xmlns:xsi="http://www.w3.org/2001/XMLSchema-instance" xsi:noNamespaceSchemaLocation="https://maven.apache.org/surefire/maven-surefire-plugin/xsd/surefire-test-report-3.0.xsd" version="3.0" name="com.sistema.integration.HealthControllerIntegrationTest" time="6.15" tests="5" errors="0" skipped="0" failures="0">
  <properties>
[...]
</properties>
  <testcase name="shouldAccessHomePageAndReturnThymeleafTemplate" classname="com.sistema.integration.HealthControllerIntegrationTest" time="0.059">
    <system-out><![CDATA[
  .   ____          _            __ _ _
 /\\ / ___'_ __ _ _(_)_ __  __ _ \ \ \ \
( ( )\___ | '_ | '_| | '_ \/ _` | \ \ \ \
 \\/  ___)| |_)| | | | | || (_| |  ) ) ) )
  '  |____| .__|_| |_|_| |_\__, | / / / /
 =========|_|==============|___/=/_/_/_/
 :: Spring Boot ::                (v3.2.0)

17:16:01.961 [main] INFO  c.s.i.HealthControllerIntegrationTest - Starting HealthControllerIntegrationTest using Java 17.0.16 with PID 58494 (started by lg in /home/lg/sistema_java/backend)
17:16:01.961 [main] DEBUG c.s.i.HealthControllerIntegrationTest - Running with Spring Boot v3.2.0, Spring v6.1.1
17:16:01.961 [main] INFO  c.s.i.HealthControllerIntegrationTest - The following 1 profile is active: "local"
17:16:02.644 [main] INFO  com.sistema.config.RSAKeyManager - Chaves RSA encontradas. Verificando validade...
17:16:02.647 [main] DEBUG com.sistema.config.RSAKeyManager - Validação das chaves RSA bem-sucedida.
17:16:02.648 [main] INFO  com.sistema.config.RSAKeyManager - Chaves RSA válidas carregadas com sucesso.
17:16:02.728 [main] DEBUG c.s.security.JwtAuthenticationFilter - Filter 'jwtAuthenticationFilter' configured for use
17:16:02.729 [main] DEBUG o.s.w.f.ServerHttpObservationFilter - Filter 'webMvcObservationFilter' configured for use
17:16:02.836 [main] WARN  org.hibernate.orm.deprecation - HHH90000025: PostgreSQLDialect does not need to be specified explicitly using 'hibernate.dialect' (remove the property setting and it will be selected by default)
17:16:02.938 [main] DEBUG org.hibernate.SQL - 
    alter table if exists refresh_tokens 
       drop constraint if exists FK1lih5y2npsf8u5o3vhdb9y0os
Hibernate: 
    alter table if exists refresh_tokens 
       drop constraint if exists FK1lih5y2npsf8u5o3vhdb9y0os
17:16:02.940 [main] WARN  o.h.e.jdbc.spi.SqlExceptionHelper - SQL Warning Code: 0, SQLState: 00000
17:16:02.940 [main] WARN  o.h.e.jdbc.spi.SqlExceptionHelper - relation "refresh_tokens" does not exist, skipping
17:16:02.941 [main] DEBUG org.hibernate.SQL - 
    alter table if exists user_roles 
       drop constraint if exists FKhfh9dx7w3ubf1co1vdev94g3f
Hibernate: 
    alter table if exists user_roles 
       drop constraint if exists FKhfh9dx7w3ubf1co1vdev94g3f
17:16:02.942 [main] WARN  o.h.e.jdbc.spi.SqlExceptionHelper - SQL Warning Code: 0, SQLState: 00000
17:16:02.943 [main] WARN  o.h.e.jdbc.spi.SqlExceptionHelper - relation "user_roles" does not exist, skipping
17:16:02.943 [main] DEBUG org.hibernate.SQL - 
    drop table if exists refresh_tokens cascade
Hibernate: 
    drop table if exists refresh_tokens cascade
17:16:02.944 [main] WARN  o.h.e.jdbc.spi.SqlExceptionHelper - SQL Warning Code: 0, SQLState: 00000
17:16:02.945 [main] WARN  o.h.e.jdbc.spi.SqlExceptionHelper - table "refresh_tokens" does not exist, skipping
17:16:02.945 [main] DEBUG org.hibernate.SQL - 
    drop table if exists user_roles cascade
Hibernate: 
    drop table if exists user_roles cascade
17:16:02.946 [main] WARN  o.h.e.jdbc.spi.SqlExceptionHelper - SQL Warning Code: 0, SQLState: 00000
17:16:02.946 [main] WARN  o.h.e.jdbc.spi.SqlExceptionHelper - table "user_roles" does not exist, skipping
17:16:02.947 [main] DEBUG org.hibernate.SQL - 
    drop table if exists users cascade
Hibernate: 
    drop table if exists users cascade
17:16:02.948 [main] WARN  o.h.e.jdbc.spi.SqlExceptionHelper - SQL Warning Code: 0, SQLState: 00000
17:16:02.948 [main] WARN  o.h.e.jdbc.spi.SqlExceptionHelper - table "users" does not exist, skipping
17:16:02.956 [main] DEBUG org.hibernate.SQL - 
    create table refresh_tokens (
        is_revoked boolean not null,
        created_at timestamp(6) not null,
        expires_at timestamp(6) not null,
        id bigserial not null,
        last_used_at timestamp(6),
        updated_at timestamp(6) not null,
        user_id bigint not null,
        ip_address varchar(45),
        token varchar(500) not null unique,
        user_agent varchar(500),
        device_info varchar(255),
        primary key (id)
    )
Hibernate: 
    create table refresh_tokens (
        is_revoked boolean not null,
        created_at timestamp(6) not null,
        expires_at timestamp(6) not null,
        id bigserial not null,
        last_used_at timestamp(6),
        updated_at timestamp(6) not null,
        user_id bigint not null,
        ip_address varchar(45),
        token varchar(500) not null unique,
        user_agent varchar(500),
        device_info varchar(255),
        primary key (id)
    )
17:16:02.971 [main] DEBUG org.hibernate.SQL - 
    create table user_roles (
        user_id bigint not null,
        role varchar(255) check (role in ('USER','ADMIN','MODERATOR'))
    )
Hibernate: 
    create table user_roles (
        user_id bigint not null,
        role varchar(255) check (role in ('USER','ADMIN','MODERATOR'))
    )
17:16:02.977 [main] DEBUG org.hibernate.SQL - 
    create table users (
        account_non_expired boolean,
        account_non_locked boolean,
        credentials_non_expired boolean,
        enabled boolean,
        created_at timestamp(6),
        id bigserial not null,
        last_login timestamp(6),
        updated_at timestamp(6),
        email varchar(255) not null unique,
        first_name varchar(255),
        last_name varchar(255),
        password varchar(255) not null,
        username varchar(255) not null unique,
        primary key (id)
    )
Hibernate: 
    create table users (
        account_non_expired boolean,
        account_non_locked boolean,
        credentials_non_expired boolean,
        enabled boolean,
        created_at timestamp(6),
        id bigserial not null,
        last_login timestamp(6),
        updated_at timestamp(6),
        email varchar(255) not null unique,
        first_name varchar(255),
        last_name varchar(255),
        password varchar(255) not null,
        username varchar(255) not null unique,
        primary key (id)
    )
17:16:02.986 [main] DEBUG org.hibernate.SQL - 
    create index idx_user_id 
       on refresh_tokens (user_id)
Hibernate: 
    create index idx_user_id 
       on refresh_tokens (user_id)
17:16:02.988 [main] DEBUG org.hibernate.SQL - 
    create index idx_expires_at 
       on refresh_tokens (expires_at)
Hibernate: 
    create index idx_expires_at 
       on refresh_tokens (expires_at)
17:16:02.992 [main] DEBUG org.hibernate.SQL - 
    alter table if exists refresh_tokens 
       add constraint FK1lih5y2npsf8u5o3vhdb9y0os 
       foreign key (user_id) 
       references users
Hibernate: 
    alter table if exists refresh_tokens 
       add constraint FK1lih5y2npsf8u5o3vhdb9y0os 
       foreign key (user_id) 
       references users
17:16:02.999 [main] DEBUG org.hibernate.SQL - 
    alter table if exists user_roles 
       add constraint FKhfh9dx7w3ubf1co1vdev94g3f 
       foreign key (user_id) 
       references users
Hibernate: 
    alter table if exists user_roles 
       add constraint FKhfh9dx7w3ubf1co1vdev94g3f 
       foreign key (user_id) 
       references users
17:16:03.437 [main] WARN  o.s.b.a.o.j.JpaBaseConfiguration$JpaWebConfiguration - spring.jpa.open-in-view is enabled by default. Therefore, database queries may be performed during view rendering. Explicitly configure spring.jpa.open-in-view to disable this warning
17:16:03.506 [main] DEBUG o.s.w.s.m.m.a.RequestMappingHandlerMapping - 23 mappings in 'requestMappingHandlerMapping'
17:16:03.593 [main] DEBUG o.s.w.s.h.SimpleUrlHandlerMapping - Patterns [/webjars/**, /**] in 'resourceHandlerMapping'
17:16:03.840 [main] DEBUG o.s.w.s.m.m.a.RequestMappingHandlerAdapter - ControllerAdvice beans: 0 @ModelAttribute, 0 @InitBinder, 1 RequestBodyAdvice, 1 ResponseBodyAdvice
17:16:03.852 [main] DEBUG o.s.w.s.m.m.a.ExceptionHandlerExceptionResolver - ControllerAdvice beans: 0 @ExceptionHandler, 1 ResponseBodyAdvice
17:16:04.129 [main] INFO  c.s.i.HealthControllerIntegrationTest - Started HealthControllerIntegrationTest in 2.196 seconds (process running for 36.787)
17:16:04.130 [main] INFO  com.sistema.config.DataLoader - Iniciando carregamento de dados iniciais...
17:16:04.133 [main] DEBUG org.hibernate.SQL - 
    select
        u1_0.id 
    from
        users u1_0 
    where
        u1_0.username=? 
    fetch
        first ? rows only
Hibernate: 
    select
        u1_0.id 
    from
        users u1_0 
    where
        u1_0.username=? 
    fetch
        first ? rows only
17:16:04.407 [main] DEBUG org.hibernate.SQL - 
    insert 
    into
        users
        (account_non_expired, account_non_locked, created_at, credentials_non_expired, email, enabled, first_name, last_login, last_name, password, updated_at, username) 
    values
        (?, ?, ?, ?, ?, ?, ?, ?, ?, ?, ?, ?)
Hibernate: 
    insert 
    into
        users
        (account_non_expired, account_non_locked, created_at, credentials_non_expired, email, enabled, first_name, last_login, last_name, password, updated_at, username) 
    values
        (?, ?, ?, ?, ?, ?, ?, ?, ?, ?, ?, ?)
17:16:04.410 [main] DEBUG org.hibernate.SQL - 
    insert 
    into
        user_roles
        (user_id, role) 
    values
        (?, ?)
Hibernate: 
    insert 
    into
        user_roles
        (user_id, role) 
    values
        (?, ?)
17:16:04.412 [main] DEBUG org.hibernate.SQL - 
    insert 
    into
        user_roles
        (user_id, role) 
    values
        (?, ?)
Hibernate: 
    insert 
    into
        user_roles
        (user_id, role) 
    values
        (?, ?)
17:16:04.413 [main] INFO  com.sistema.config.DataLoader - Usuário admin criado com sucesso
17:16:04.415 [main] DEBUG org.hibernate.SQL - 
    select
        u1_0.id 
    from
        users u1_0 
    where
        u1_0.username=? 
    fetch
        first ? rows only
Hibernate: 
    select
        u1_0.id 
    from
        users u1_0 
    where
        u1_0.username=? 
    fetch
        first ? rows only
17:16:04.659 [main] DEBUG org.hibernate.SQL - 
    insert 
    into
        users
        (account_non_expired, account_non_locked, created_at, credentials_non_expired, email, enabled, first_name, last_login, last_name, password, updated_at, username) 
    values
        (?, ?, ?, ?, ?, ?, ?, ?, ?, ?, ?, ?)
Hibernate: 
    insert 
    into
        users
        (account_non_expired, account_non_locked, created_at, credentials_non_expired, email, enabled, first_name, last_login, last_name, password, updated_at, username) 
    values
        (?, ?, ?, ?, ?, ?, ?, ?, ?, ?, ?, ?)
17:16:04.661 [main] DEBUG org.hibernate.SQL - 
    insert 
    into
        user_roles
        (user_id, role) 
    values
        (?, ?)
Hibernate: 
    insert 
    into
        user_roles
        (user_id, role) 
    values
        (?, ?)
17:16:04.663 [main] INFO  com.sistema.config.DataLoader - Usuário testuser criado com sucesso
17:16:04.664 [main] DEBUG org.hibernate.SQL - 
    select
        u1_0.id 
    from
        users u1_0 
    where
        u1_0.username=? 
    fetch
        first ? rows only
Hibernate: 
    select
        u1_0.id 
    from
        users u1_0 
    where
        u1_0.username=? 
    fetch
        first ? rows only
17:16:04.895 [main] DEBUG org.hibernate.SQL - 
    insert 
    into
        users
        (account_non_expired, account_non_locked, created_at, credentials_non_expired, email, enabled, first_name, last_login, last_name, password, updated_at, username) 
    values
        (?, ?, ?, ?, ?, ?, ?, ?, ?, ?, ?, ?)
Hibernate: 
    insert 
    into
        users
        (account_non_expired, account_non_locked, created_at, credentials_non_expired, email, enabled, first_name, last_login, last_name, password, updated_at, username) 
    values
        (?, ?, ?, ?, ?, ?, ?, ?, ?, ?, ?, ?)
17:16:04.897 [main] DEBUG org.hibernate.SQL - 
    insert 
    into
        user_roles
        (user_id, role) 
    values
        (?, ?)
Hibernate: 
    insert 
    into
        user_roles
        (user_id, role) 
    values
        (?, ?)
17:16:04.899 [main] INFO  com.sistema.config.DataLoader - Usuário demo criado com sucesso
17:16:04.901 [main] DEBUG org.hibernate.SQL - 
    select
        count(*) 
    from
        users u1_0
Hibernate: 
    select
        count(*) 
    from
        users u1_0
17:16:04.903 [main] INFO  com.sistema.config.DataLoader - Total de usuários no sistema: 3
17:16:04.903 [main] INFO  com.sistema.config.DataLoader - Carregamento de dados iniciais concluído.
17:16:04.914 [main] DEBUG o.s.web.client.RestTemplate - HTTP GET http://localhost:42709/
17:16:04.915 [main] DEBUG o.s.web.client.RestTemplate - Accept=[text/plain, application/json, application/*+json, */*]
17:16:04.917 [http-nio-auto-2-exec-1] INFO  o.s.web.servlet.DispatcherServlet - Initializing Servlet 'dispatcherServlet'
17:16:04.917 [http-nio-auto-2-exec-1] DEBUG o.s.web.servlet.DispatcherServlet - Detected StandardServletMultipartResolver
17:16:04.917 [http-nio-auto-2-exec-1] DEBUG o.s.web.servlet.DispatcherServlet - Detected AcceptHeaderLocaleResolver
17:16:04.917 [http-nio-auto-2-exec-1] DEBUG o.s.web.servlet.DispatcherServlet - Detected FixedThemeResolver
17:16:04.918 [http-nio-auto-2-exec-1] DEBUG o.s.web.servlet.DispatcherServlet - Detected org.springframework.web.servlet.view.DefaultRequestToViewNameTranslator@7163ca2d
17:16:04.918 [http-nio-auto-2-exec-1] DEBUG o.s.web.servlet.DispatcherServlet - Detected org.springframework.web.servlet.support.SessionFlashMapManager@c2684c9
17:16:04.918 [http-nio-auto-2-exec-1] DEBUG o.s.web.servlet.DispatcherServlet - enableLoggingRequestDetails='false': request parameters and headers will be masked to prevent unsafe logging of potentially sensitive data
17:16:04.918 [http-nio-auto-2-exec-1] INFO  o.s.web.servlet.DispatcherServlet - Completed initialization in 1 ms
17:16:04.920 [http-nio-auto-2-exec-1] WARN  o.s.w.s.h.HandlerMappingIntrospector - Cache miss for REQUEST dispatch to '/' (previous null). Performing MatchableHandlerMapping lookup. This is logged once only at WARN level, and every time at TRACE.
17:16:04.921 [http-nio-auto-2-exec-1] DEBUG o.s.web.servlet.DispatcherServlet - GET "/", parameters={}
17:16:04.922 [http-nio-auto-2-exec-1] DEBUG o.s.w.s.m.m.a.RequestMappingHandlerMapping - Mapped to com.sistema.controller.HomeController#home(Model)
17:16:04.931 [http-nio-auto-2-exec-1] DEBUG o.s.w.s.v.ContentNegotiatingViewResolver - Selected '*/*' given [text/plain, application/json, application/*+json, */*]
17:16:04.960 [main] DEBUG o.s.web.client.RestTemplate - Response 200 OK
17:16:04.960 [main] DEBUG o.s.web.client.RestTemplate - Reading to [java.lang.String] as "text/html;charset=UTF-8"
17:16:04.965 [http-nio-auto-2-exec-1] DEBUG o.s.web.servlet.DispatcherServlet - Completed 200 OK
]]></system-out>
  </testcase>
  <testcase name="shouldReturnHealthCheckWithStatus200AndCorrectData" classname="com.sistema.integration.HealthControllerIntegrationTest" time="0.026">
    <system-out><![CDATA[17:16:04.974 [main] DEBUG o.s.web.client.RestTemplate - HTTP GET http://localhost:42709/api/health
17:16:04.978 [main] DEBUG o.s.web.client.RestTemplate - Accept=[application/json, application/*+json]
17:16:04.983 [http-nio-auto-2-exec-2] DEBUG o.s.web.servlet.DispatcherServlet - GET "/api/health", parameters={}
17:16:04.984 [http-nio-auto-2-exec-2] DEBUG o.s.w.s.m.m.a.RequestMappingHandlerMapping - Mapped to com.sistema.controller.HealthController#health()
17:16:04.988 [http-nio-auto-2-exec-2] DEBUG o.s.w.s.m.m.a.HttpEntityMethodProcessor - Using 'application/json', given [application/json, application/*+json] and supported [application/json, application/*+json]
17:16:04.989 [http-nio-auto-2-exec-2] DEBUG o.s.w.s.m.m.a.HttpEntityMethodProcessor - Writing [{service=Sistema Java Backend, version=1.0.0, status=UP, timestamp=2025-09-15T17:16:04.986082767}]
17:16:04.992 [http-nio-auto-2-exec-2] DEBUG o.s.web.servlet.DispatcherServlet - Completed 200 OK
17:16:04.992 [main] DEBUG o.s.web.client.RestTemplate - Response 200 OK
17:16:04.992 [main] DEBUG o.s.web.client.RestTemplate - Reading to [java.util.Map<?, ?>]
]]></system-out>
  </testcase>
  <testcase name="shouldRedirectApiSimpleToHomePage" classname="com.sistema.integration.HealthControllerIntegrationTest" time="0.039">
    <system-out><![CDATA[17:16:05.003 [main] DEBUG o.s.web.client.RestTemplate - HTTP GET http://localhost:42709/api-simple
17:16:05.005 [main] DEBUG o.s.web.client.RestTemplate - Accept=[text/plain, application/json, application/*+json, */*]
17:16:05.013 [http-nio-auto-2-exec-3] DEBUG o.s.web.servlet.DispatcherServlet - GET "/api-simple", parameters={}
17:16:05.014 [http-nio-auto-2-exec-3] DEBUG o.s.w.s.m.m.a.RequestMappingHandlerMapping - Mapped to com.sistema.controller.HomeController#apiSimple()
17:16:05.032 [http-nio-auto-2-exec-3] DEBUG o.s.web.servlet.view.RedirectView - View name 'redirect:', model {}
17:16:05.033 [http-nio-auto-2-exec-3] DEBUG o.s.web.servlet.DispatcherServlet - Completed 302 FOUND
17:16:05.035 [main] DEBUG o.s.web.client.RestTemplate - Response 302 FOUND
]]></system-out>
  </testcase>
  <testcase name="shouldTestRedisConnectivitySuccessfully" classname="com.sistema.integration.HealthControllerIntegrationTest" time="0.033">
    <system-out><![CDATA[17:16:05.043 [main] DEBUG o.s.web.client.RestTemplate - HTTP GET http://localhost:42709/api/redis-test
17:16:05.045 [main] DEBUG o.s.web.client.RestTemplate - Accept=[application/json, application/*+json]
17:16:05.051 [http-nio-auto-2-exec-4] DEBUG o.s.web.servlet.DispatcherServlet - GET "/api/redis-test", parameters={}
17:16:05.052 [http-nio-auto-2-exec-4] DEBUG o.s.w.s.m.m.a.RequestMappingHandlerMapping - Mapped to com.sistema.controller.HealthController#testRedis()
17:16:05.067 [http-nio-auto-2-exec-4] DEBUG o.s.w.s.m.m.a.HttpEntityMethodProcessor - Using 'application/json', given [application/json, application/*+json] and supported [application/json, application/*+json]
17:16:05.067 [http-nio-auto-2-exec-4] DEBUG o.s.w.s.m.m.a.HttpEntityMethodProcessor - Writing [{value_stored=Redis funcionando em 2025-09-15T17:16:05.052674149, redis_working=true, value_retrieve (truncated)...]
17:16:05.069 [http-nio-auto-2-exec-4] DEBUG o.s.web.servlet.DispatcherServlet - Completed 200 OK
17:16:05.069 [main] DEBUG o.s.web.client.RestTemplate - Response 200 OK
17:16:05.069 [main] DEBUG o.s.web.client.RestTemplate - Reading to [java.util.Map<?, ?>]
]]></system-out>
  </testcase>
  <testcase name="shouldReturnApplicationInfoWithStatus200" classname="com.sistema.integration.HealthControllerIntegrationTest" time="0.018">
    <system-out><![CDATA[17:16:05.077 [main] DEBUG o.s.web.client.RestTemplate - HTTP GET http://localhost:42709/api/info
17:16:05.077 [main] DEBUG o.s.web.client.RestTemplate - Accept=[application/json, application/*+json]
17:16:05.084 [http-nio-auto-2-exec-5] DEBUG o.s.web.servlet.DispatcherServlet - GET "/api/info", parameters={}
17:16:05.085 [http-nio-auto-2-exec-5] DEBUG o.s.w.s.m.m.a.RequestMappingHandlerMapping - Mapped to com.sistema.controller.HealthController#info()
17:16:05.086 [http-nio-auto-2-exec-5] DEBUG o.s.w.s.m.m.a.HttpEntityMethodProcessor - Using 'application/json', given [application/json, application/*+json] and supported [application/json, application/*+json]
17:16:05.086 [http-nio-auto-2-exec-5] DEBUG o.s.w.s.m.m.a.HttpEntityMethodProcessor - Writing [{application=Sistema Java, java_version=17.0.16, description=Sistema Java com Spring Boot, PostgreSQ (truncated)...]
17:16:05.087 [http-nio-auto-2-exec-5] DEBUG o.s.web.servlet.DispatcherServlet - Completed 200 OK
17:16:05.087 [main] DEBUG o.s.web.client.RestTemplate - Response 200 OK
17:16:05.087 [main] DEBUG o.s.web.client.RestTemplate - Reading to [java.util.Map<?, ?>]
]]></system-out>
  </testcase>
</testsuite>