<?xml version="1.0" encoding="UTF-8"?>
<testsuite xmlns:xsi="http://www.w3.org/2001/XMLSchema-instance" xsi:noNamespaceSchemaLocation="https://maven.apache.org/surefire/maven-surefire-plugin/xsd/surefire-test-report-3.0.xsd" version="3.0" name="com.sistema.config.RSAKeyManagerTest" time="1.158" tests="12" errors="0" skipped="0" failures="0">
  <properties>
[...]
</properties>
  <testcase name="shouldReturnValidPrivateKeyAfterInitialization" classname="com.sistema.config.RSAKeyManagerTest" time="0.084">
    <system-out><![CDATA[15:46:00.673 [main] INFO  com.sistema.config.RSAKeyManager - Chaves RSA não encontradas. Gerando novas chaves...
15:46:00.674 [main] INFO  com.sistema.config.RSAKeyManager - Gerando novo par de chaves RSA de 2048 bits...
15:46:00.754 [main] DEBUG com.sistema.config.RSAKeyManager - Chave privada salva em: /tmp/junit4441851867492930403/private_key.pem
15:46:00.755 [main] DEBUG com.sistema.config.RSAKeyManager - Chave pública salva em: /tmp/junit4441851867492930403/public_key.pem
15:46:00.755 [main] INFO  com.sistema.config.RSAKeyManager - Novo par de chaves RSA gerado e salvo com sucesso.
]]></system-out>
  </testcase>
  <testcase name="shouldInitializeAndGenerateRsaKeysWhenTheyDoNotExist" classname="com.sistema.config.RSAKeyManagerTest" time="0.044">
    <system-out><![CDATA[15:46:00.761 [main] INFO  com.sistema.config.RSAKeyManager - Chaves RSA não encontradas. Gerando novas chaves...
15:46:00.761 [main] INFO  com.sistema.config.RSAKeyManager - Gerando novo par de chaves RSA de 2048 bits...
15:46:00.799 [main] DEBUG com.sistema.config.RSAKeyManager - Chave privada salva em: /tmp/junit3385410964698770797/private_key.pem
15:46:00.799 [main] DEBUG com.sistema.config.RSAKeyManager - Chave pública salva em: /tmp/junit3385410964698770797/public_key.pem
15:46:00.800 [main] INFO  com.sistema.config.RSAKeyManager - Novo par de chaves RSA gerado e salvo com sucesso.
]]></system-out>
  </testcase>
  <testcase name="shouldVerifyPemFormatOfSavedKeys" classname="com.sistema.config.RSAKeyManagerTest" time="0.232">
    <system-out><![CDATA[15:46:00.802 [main] INFO  com.sistema.config.RSAKeyManager - Chaves RSA não encontradas. Gerando novas chaves...
15:46:00.803 [main] INFO  com.sistema.config.RSAKeyManager - Gerando novo par de chaves RSA de 2048 bits...
15:46:01.027 [main] DEBUG com.sistema.config.RSAKeyManager - Chave privada salva em: /tmp/junit17252262878032042105/private_key.pem
15:46:01.028 [main] DEBUG com.sistema.config.RSAKeyManager - Chave pública salva em: /tmp/junit17252262878032042105/public_key.pem
15:46:01.028 [main] INFO  com.sistema.config.RSAKeyManager - Novo par de chaves RSA gerado e salvo com sucesso.
]]></system-out>
  </testcase>
  <testcase name="shouldValidateKeyPairThroughRealEncryptionDecryption" classname="com.sistema.config.RSAKeyManagerTest" time="0.075">
    <system-out><![CDATA[15:46:01.034 [main] INFO  com.sistema.config.RSAKeyManager - Chaves RSA não encontradas. Gerando novas chaves...
15:46:01.034 [main] INFO  com.sistema.config.RSAKeyManager - Gerando novo par de chaves RSA de 2048 bits...
15:46:01.104 [main] DEBUG com.sistema.config.RSAKeyManager - Chave privada salva em: /tmp/junit8955208864294440848/private_key.pem
15:46:01.105 [main] DEBUG com.sistema.config.RSAKeyManager - Chave pública salva em: /tmp/junit8955208864294440848/public_key.pem
15:46:01.105 [main] INFO  com.sistema.config.RSAKeyManager - Novo par de chaves RSA gerado e salvo com sucesso.
15:46:01.107 [main] DEBUG com.sistema.config.RSAKeyManager - Validação das chaves RSA bem-sucedida.
]]></system-out>
  </testcase>
  <testcase name="shouldLoadExistingRsaKeysWhenTheyAreValid" classname="com.sistema.config.RSAKeyManagerTest" time="0.084">
    <system-out><![CDATA[15:46:01.109 [main] INFO  com.sistema.config.RSAKeyManager - Chaves RSA não encontradas. Gerando novas chaves...
15:46:01.109 [main] INFO  com.sistema.config.RSAKeyManager - Gerando novo par de chaves RSA de 2048 bits...
15:46:01.189 [main] DEBUG com.sistema.config.RSAKeyManager - Chave privada salva em: /tmp/junit15775910566208026408/private_key.pem
15:46:01.189 [main] DEBUG com.sistema.config.RSAKeyManager - Chave pública salva em: /tmp/junit15775910566208026408/public_key.pem
15:46:01.189 [main] INFO  com.sistema.config.RSAKeyManager - Novo par de chaves RSA gerado e salvo com sucesso.
15:46:01.189 [main] INFO  com.sistema.config.RSAKeyManager - Chaves RSA encontradas. Verificando validade...
15:46:01.192 [main] DEBUG com.sistema.config.RSAKeyManager - Validação das chaves RSA bem-sucedida.
15:46:01.192 [main] INFO  com.sistema.config.RSAKeyManager - Chaves RSA válidas carregadas com sucesso.
]]></system-out>
  </testcase>
  <testcase name="shouldCreateKeysDirectoryIfItDoesNotExist" classname="com.sistema.config.RSAKeyManagerTest" time="0.124">
    <system-out><![CDATA[15:46:01.194 [main] INFO  com.sistema.config.RSAKeyManager - Diretório de chaves criado: /tmp/junit12749689944755194354/new-keys-dir
15:46:01.194 [main] INFO  com.sistema.config.RSAKeyManager - Chaves RSA não encontradas. Gerando novas chaves...
15:46:01.194 [main] INFO  com.sistema.config.RSAKeyManager - Gerando novo par de chaves RSA de 2048 bits...
15:46:01.316 [main] DEBUG com.sistema.config.RSAKeyManager - Chave privada salva em: /tmp/junit12749689944755194354/new-keys-dir/private_key.pem
15:46:01.316 [main] DEBUG com.sistema.config.RSAKeyManager - Chave pública salva em: /tmp/junit12749689944755194354/new-keys-dir/public_key.pem
15:46:01.316 [main] INFO  com.sistema.config.RSAKeyManager - Novo par de chaves RSA gerado e salvo com sucesso.
]]></system-out>
  </testcase>
  <testcase name="shouldEnsureKeysHaveRsa2048BitSize" classname="com.sistema.config.RSAKeyManagerTest" time="0.034">
    <system-out><![CDATA[15:46:01.318 [main] INFO  com.sistema.config.RSAKeyManager - Chaves RSA não encontradas. Gerando novas chaves...
15:46:01.318 [main] INFO  com.sistema.config.RSAKeyManager - Gerando novo par de chaves RSA de 2048 bits...
15:46:01.349 [main] DEBUG com.sistema.config.RSAKeyManager - Chave privada salva em: /tmp/junit5918354704669294577/private_key.pem
15:46:01.349 [main] DEBUG com.sistema.config.RSAKeyManager - Chave pública salva em: /tmp/junit5918354704669294577/public_key.pem
15:46:01.349 [main] INFO  com.sistema.config.RSAKeyManager - Novo par de chaves RSA gerado e salvo com sucesso.
]]></system-out>
  </testcase>
  <testcase name="shouldReturnValidPublicKeyAfterInitialization" classname="com.sistema.config.RSAKeyManagerTest" time="0.13">
    <system-out><![CDATA[15:46:01.352 [main] INFO  com.sistema.config.RSAKeyManager - Chaves RSA não encontradas. Gerando novas chaves...
15:46:01.352 [main] INFO  com.sistema.config.RSAKeyManager - Gerando novo par de chaves RSA de 2048 bits...
15:46:01.480 [main] DEBUG com.sistema.config.RSAKeyManager - Chave privada salva em: /tmp/junit18111124982897450535/private_key.pem
15:46:01.480 [main] DEBUG com.sistema.config.RSAKeyManager - Chave pública salva em: /tmp/junit18111124982897450535/public_key.pem
15:46:01.480 [main] INFO  com.sistema.config.RSAKeyManager - Novo par de chaves RSA gerado e salvo com sucesso.
]]></system-out>
  </testcase>
  <testcase name="shouldValidateKeyPairThroughEncryptionDecryption" classname="com.sistema.config.RSAKeyManagerTest" time="0.075">
    <system-out><![CDATA[15:46:01.482 [main] INFO  com.sistema.config.RSAKeyManager - Chaves RSA não encontradas. Gerando novas chaves...
15:46:01.483 [main] INFO  com.sistema.config.RSAKeyManager - Gerando novo par de chaves RSA de 2048 bits...
15:46:01.556 [main] DEBUG com.sistema.config.RSAKeyManager - Chave privada salva em: /tmp/junit10113586618849467156/private_key.pem
15:46:01.556 [main] DEBUG com.sistema.config.RSAKeyManager - Chave pública salva em: /tmp/junit10113586618849467156/public_key.pem
15:46:01.556 [main] INFO  com.sistema.config.RSAKeyManager - Novo par de chaves RSA gerado e salvo com sucesso.
]]></system-out>
  </testcase>
  <testcase name="shouldSimulateServerInitializationAndVerifyKeyAvailability" classname="com.sistema.config.RSAKeyManagerTest" time="0.097">
    <system-out><![CDATA[15:46:01.558 [main] INFO  com.sistema.config.RSAKeyManager - Chaves RSA não encontradas. Gerando novas chaves...
15:46:01.558 [main] INFO  com.sistema.config.RSAKeyManager - Gerando novo par de chaves RSA de 2048 bits...
15:46:01.651 [main] DEBUG com.sistema.config.RSAKeyManager - Chave privada salva em: /tmp/junit17085158522910603053/private_key.pem
15:46:01.652 [main] DEBUG com.sistema.config.RSAKeyManager - Chave pública salva em: /tmp/junit17085158522910603053/public_key.pem
15:46:01.652 [main] INFO  com.sistema.config.RSAKeyManager - Novo par de chaves RSA gerado e salvo com sucesso.
15:46:01.653 [main] DEBUG com.sistema.config.RSAKeyManager - Validação das chaves RSA bem-sucedida.
]]></system-out>
  </testcase>
  <testcase name="shouldFailGracefullyWhenKeysDirectoryCannotBeCreated" classname="com.sistema.config.RSAKeyManagerTest" time="0.005">
    <system-out><![CDATA[15:46:01.656 [main] ERROR com.sistema.config.RSAKeyManager - Erro ao inicializar chaves RSA: /root/invalid-path-no-permission
java.nio.file.AccessDeniedException: /root/invalid-path-no-permission
	at java.base/sun.nio.fs.UnixException.translateToIOException(UnixException.java:90)
	at java.base/sun.nio.fs.UnixException.rethrowAsIOException(UnixException.java:106)
	at java.base/sun.nio.fs.UnixException.rethrowAsIOException(UnixException.java:111)
	at java.base/sun.nio.fs.UnixFileSystemProvider.createDirectory(UnixFileSystemProvider.java:397)
	at java.base/java.nio.file.Files.createDirectory(Files.java:700)
	at java.base/java.nio.file.Files.createAndCheckIsDirectory(Files.java:807)
	at java.base/java.nio.file.Files.createDirectories(Files.java:793)
	at com.sistema.config.RSAKeyManager.createKeysDirectoryIfNotExists(RSAKeyManager.java:224)
	at com.sistema.config.RSAKeyManager.initializeKeys(RSAKeyManager.java:49)
	at com.sistema.config.RSAKeyManagerTest.lambda$shouldFailGracefullyWhenKeysDirectoryCannotBeCreated$0(RSAKeyManagerTest.java:291)
	at org.assertj.core.api.ThrowableAssert.catchThrowable(ThrowableAssert.java:63)
	at org.assertj.core.api.AssertionsForClassTypes.catchThrowable(AssertionsForClassTypes.java:892)
	at org.assertj.core.api.Assertions.catchThrowable(Assertions.java:1366)
	at org.assertj.core.api.Assertions.assertThatThrownBy(Assertions.java:1210)
	at com.sistema.config.RSAKeyManagerTest.shouldFailGracefullyWhenKeysDirectoryCannotBeCreated(RSAKeyManagerTest.java:291)
	at java.base/jdk.internal.reflect.NativeMethodAccessorImpl.invoke0(Native Method)
	at java.base/jdk.internal.reflect.NativeMethodAccessorImpl.invoke(NativeMethodAccessorImpl.java:77)
	at java.base/jdk.internal.reflect.DelegatingMethodAccessorImpl.invoke(DelegatingMethodAccessorImpl.java:43)
	at java.base/java.lang.reflect.Method.invoke(Method.java:569)
	at org.junit.platform.commons.util.ReflectionUtils.invokeMethod(ReflectionUtils.java:728)
	at org.junit.jupiter.engine.execution.MethodInvocation.proceed(MethodInvocation.java:60)
	at org.junit.jupiter.engine.execution.InvocationInterceptorChain$ValidatingInvocation.proceed(InvocationInterceptorChain.java:131)
	at org.junit.jupiter.engine.extension.TimeoutExtension.intercept(TimeoutExtension.java:156)
	at org.junit.jupiter.engine.extension.TimeoutExtension.interceptTestableMethod(TimeoutExtension.java:147)
	at org.junit.jupiter.engine.extension.TimeoutExtension.interceptTestMethod(TimeoutExtension.java:86)
	at org.junit.jupiter.engine.execution.InterceptingExecutableInvoker$ReflectiveInterceptorCall.lambda$ofVoidMethod$0(InterceptingExecutableInvoker.java:103)
	at org.junit.jupiter.engine.execution.InterceptingExecutableInvoker.lambda$invoke$0(InterceptingExecutableInvoker.java:93)
	at org.junit.jupiter.engine.execution.InvocationInterceptorChain$InterceptedInvocation.proceed(InvocationInterceptorChain.java:106)
	at org.junit.jupiter.engine.execution.InvocationInterceptorChain.proceed(InvocationInterceptorChain.java:64)
	at org.junit.jupiter.engine.execution.InvocationInterceptorChain.chainAndInvoke(InvocationInterceptorChain.java:45)
	at org.junit.jupiter.engine.execution.InvocationInterceptorChain.invoke(InvocationInterceptorChain.java:37)
	at org.junit.jupiter.engine.execution.InterceptingExecutableInvoker.invoke(InterceptingExecutableInvoker.java:92)
	at org.junit.jupiter.engine.execution.InterceptingExecutableInvoker.invoke(InterceptingExecutableInvoker.java:86)
	at org.junit.jupiter.engine.descriptor.TestMethodTestDescriptor.lambda$invokeTestMethod$7(TestMethodTestDescriptor.java:218)
	at org.junit.platform.engine.support.hierarchical.ThrowableCollector.execute(ThrowableCollector.java:73)
	at org.junit.jupiter.engine.descriptor.TestMethodTestDescriptor.invokeTestMethod(TestMethodTestDescriptor.java:214)
	at org.junit.jupiter.engine.descriptor.TestMethodTestDescriptor.execute(TestMethodTestDescriptor.java:139)
	at org.junit.jupiter.engine.descriptor.TestMethodTestDescriptor.execute(TestMethodTestDescriptor.java:69)
	at org.junit.platform.engine.support.hierarchical.NodeTestTask.lambda$executeRecursively$6(NodeTestTask.java:151)
	at org.junit.platform.engine.support.hierarchical.ThrowableCollector.execute(ThrowableCollector.java:73)
	at org.junit.platform.engine.support.hierarchical.NodeTestTask.lambda$executeRecursively$8(NodeTestTask.java:141)
	at org.junit.platform.engine.support.hierarchical.Node.around(Node.java:137)
	at org.junit.platform.engine.support.hierarchical.NodeTestTask.lambda$executeRecursively$9(NodeTestTask.java:139)
	at org.junit.platform.engine.support.hierarchical.ThrowableCollector.execute(ThrowableCollector.java:73)
	at org.junit.platform.engine.support.hierarchical.NodeTestTask.executeRecursively(NodeTestTask.java:138)
	at org.junit.platform.engine.support.hierarchical.NodeTestTask.execute(NodeTestTask.java:95)
	at java.base/java.util.ArrayList.forEach(ArrayList.java:1511)
	at org.junit.platform.engine.support.hierarchical.SameThreadHierarchicalTestExecutorService.invokeAll(SameThreadHierarchicalTestExecutorService.java:41)
	at org.junit.platform.engine.support.hierarchical.NodeTestTask.lambda$executeRecursively$6(NodeTestTask.java:155)
	at org.junit.platform.engine.support.hierarchical.ThrowableCollector.execute(ThrowableCollector.java:73)
	at org.junit.platform.engine.support.hierarchical.NodeTestTask.lambda$executeRecursively$8(NodeTestTask.java:141)
	at org.junit.platform.engine.support.hierarchical.Node.around(Node.java:137)
	at org.junit.platform.engine.support.hierarchical.NodeTestTask.lambda$executeRecursively$9(NodeTestTask.java:139)
	at org.junit.platform.engine.support.hierarchical.ThrowableCollector.execute(ThrowableCollector.java:73)
	at org.junit.platform.engine.support.hierarchical.NodeTestTask.executeRecursively(NodeTestTask.java:138)
	at org.junit.platform.engine.support.hierarchical.NodeTestTask.execute(NodeTestTask.java:95)
	at java.base/java.util.ArrayList.forEach(ArrayList.java:1511)
	at org.junit.platform.engine.support.hierarchical.SameThreadHierarchicalTestExecutorService.invokeAll(SameThreadHierarchicalTestExecutorService.java:41)
	at org.junit.platform.engine.support.hierarchical.NodeTestTask.lambda$executeRecursively$6(NodeTestTask.java:155)
	at org.junit.platform.engine.support.hierarchical.ThrowableCollector.execute(ThrowableCollector.java:73)
	at org.junit.platform.engine.support.hierarchical.NodeTestTask.lambda$executeRecursively$8(NodeTestTask.java:141)
	at org.junit.platform.engine.support.hierarchical.Node.around(Node.java:137)
	at org.junit.platform.engine.support.hierarchical.NodeTestTask.lambda$executeRecursively$9(NodeTestTask.java:139)
	at org.junit.platform.engine.support.hierarchical.ThrowableCollector.execute(ThrowableCollector.java:73)
	at org.junit.platform.engine.support.hierarchical.NodeTestTask.executeRecursively(NodeTestTask.java:138)
	at org.junit.platform.engine.support.hierarchical.NodeTestTask.execute(NodeTestTask.java:95)
	at org.junit.platform.engine.support.hierarchical.SameThreadHierarchicalTestExecutorService.submit(SameThreadHierarchicalTestExecutorService.java:35)
	at org.junit.platform.engine.support.hierarchical.HierarchicalTestExecutor.execute(HierarchicalTestExecutor.java:57)
	at org.junit.platform.engine.support.hierarchical.HierarchicalTestEngine.execute(HierarchicalTestEngine.java:54)
	at org.junit.platform.launcher.core.EngineExecutionOrchestrator.execute(EngineExecutionOrchestrator.java:198)
	at org.junit.platform.launcher.core.EngineExecutionOrchestrator.execute(EngineExecutionOrchestrator.java:169)
	at org.junit.platform.launcher.core.EngineExecutionOrchestrator.execute(EngineExecutionOrchestrator.java:93)
	at org.junit.platform.launcher.core.EngineExecutionOrchestrator.lambda$execute$0(EngineExecutionOrchestrator.java:58)
	at org.junit.platform.launcher.core.EngineExecutionOrchestrator.withInterceptedStreams(EngineExecutionOrchestrator.java:141)
	at org.junit.platform.launcher.core.EngineExecutionOrchestrator.execute(EngineExecutionOrchestrator.java:57)
	at org.junit.platform.launcher.core.DefaultLauncher.execute(DefaultLauncher.java:103)
	at org.junit.platform.launcher.core.DefaultLauncher.execute(DefaultLauncher.java:85)
	at org.junit.platform.launcher.core.DelegatingLauncher.execute(DelegatingLauncher.java:47)
	at org.apache.maven.surefire.junitplatform.LazyLauncher.execute(LazyLauncher.java:55)
	at org.apache.maven.surefire.junitplatform.JUnitPlatformProvider.execute(JUnitPlatformProvider.java:223)
	at org.apache.maven.surefire.junitplatform.JUnitPlatformProvider.invokeAllTests(JUnitPlatformProvider.java:175)
	at org.apache.maven.surefire.junitplatform.JUnitPlatformProvider.invoke(JUnitPlatformProvider.java:139)
	at org.apache.maven.surefire.booter.ForkedBooter.runSuitesInProcess(ForkedBooter.java:456)
	at org.apache.maven.surefire.booter.ForkedBooter.execute(ForkedBooter.java:169)
	at org.apache.maven.surefire.booter.ForkedBooter.run(ForkedBooter.java:595)
	at org.apache.maven.surefire.booter.ForkedBooter.main(ForkedBooter.java:581)
]]></system-out>
  </testcase>
  <testcase name="shouldRegenerateKeysWhenExistingFilesAreInvalid" classname="com.sistema.config.RSAKeyManagerTest" time="0.169">
    <system-out><![CDATA[15:46:01.662 [main] INFO  com.sistema.config.RSAKeyManager - Chaves RSA encontradas. Verificando validade...
15:46:01.662 [main] ERROR com.sistema.config.RSAKeyManager - Erro ao carregar chaves: Illegal base64 character 2d
15:46:01.662 [main] WARN  com.sistema.config.RSAKeyManager - Chaves RSA inválidas. Gerando novas chaves...
15:46:01.662 [main] INFO  com.sistema.config.RSAKeyManager - Gerando novo par de chaves RSA de 2048 bits...
15:46:01.825 [main] DEBUG com.sistema.config.RSAKeyManager - Chave privada salva em: /tmp/junit5518461695703557535/private_key.pem
15:46:01.825 [main] DEBUG com.sistema.config.RSAKeyManager - Chave pública salva em: /tmp/junit5518461695703557535/public_key.pem
15:46:01.825 [main] INFO  com.sistema.config.RSAKeyManager - Novo par de chaves RSA gerado e salvo com sucesso.
15:46:01.827 [main] DEBUG com.sistema.config.RSAKeyManager - Validação das chaves RSA bem-sucedida.
]]></system-out>
  </testcase>
</testsuite>