<?xml version="1.0" encoding="UTF-8"?>
<testsuite xmlns:xsi="http://www.w3.org/2001/XMLSchema-instance" xsi:noNamespaceSchemaLocation="https://maven.apache.org/surefire/maven-surefire-plugin/xsd/surefire-test-report-3.0.xsd" version="3.0" name="com.sistema.integration.HealthControllerIntegrationTest" time="18.249" tests="5" errors="0" skipped="0" failures="0">
  <properties>
[...]
</properties>
  <testcase name="shouldAccessHomePageAndReturnThymeleafTemplate" classname="com.sistema.integration.HealthControllerIntegrationTest" time="0.538">
    <system-out><![CDATA[14:19:44.722 [main] INFO  o.testcontainers.images.PullPolicy - Image pull policy will be performed by: DefaultPullPolicy()
14:19:44.728 [main] INFO  o.t.utility.ImageNameSubstitutor - Image name substitution will be performed by: DefaultImageNameSubstitutor (composite of 'ConfigurationFileImageNameSubstitutor' and 'PrefixingImageNameSubstitutor')
14:19:45.331 [main] INFO  o.t.d.DockerClientProviderStrategy - Loaded org.testcontainers.dockerclient.UnixSocketClientProviderStrategy from ~/.testcontainers.properties, will try it first
14:19:45.723 [main] INFO  o.t.d.DockerClientProviderStrategy - Found Docker environment with local Unix socket (unix:///var/run/docker.sock)
14:19:45.724 [main] INFO  o.testcontainers.DockerClientFactory - Docker host IP address is localhost
14:19:45.753 [main] INFO  o.testcontainers.DockerClientFactory - Connected to docker: 
  Server Version: 28.3.2
  API Version: 1.51
  Operating System: Docker Desktop
  Total Memory: 32008 MB
14:19:46.726 [main] INFO  o.t.utility.RyukResourceReaper - Ryuk started - will monitor and terminate Testcontainers containers on JVM exit
14:19:46.726 [main] INFO  o.testcontainers.DockerClientFactory - Checking the system...
14:19:46.727 [main] INFO  o.testcontainers.DockerClientFactory - ✔︎ Docker server version should be at least 1.6.0

  .   ____          _            __ _ _
 /\\ / ___'_ __ _ _(_)_ __  __ _ \ \ \ \
( ( )\___ | '_ | '_| | '_ \/ _` | \ \ \ \
 \\/  ___)| |_)| | | | | || (_| |  ) ) ) )
  '  |____| .__|_| |_|_| |_\__, | / / / /
 =========|_|==============|___/=/_/_/_/
 :: Spring Boot ::                (v3.2.0)

14:19:49.543 [main] INFO  c.s.i.HealthControllerIntegrationTest - Starting HealthControllerIntegrationTest using Java 17.0.16 with PID 29828 (started by lg in /home/lg/sistema_java/backend)
14:19:49.544 [main] DEBUG c.s.i.HealthControllerIntegrationTest - Running with Spring Boot v3.2.0, Spring v6.1.1
14:19:49.545 [main] INFO  c.s.i.HealthControllerIntegrationTest - The following 1 profile is active: "local"
14:19:53.185 [main] INFO  com.sistema.config.RSAKeyManager - Chaves RSA encontradas. Verificando validade...
14:19:53.285 [main] DEBUG com.sistema.config.RSAKeyManager - Validação das chaves RSA bem-sucedida.
14:19:53.285 [main] INFO  com.sistema.config.RSAKeyManager - Chaves RSA válidas carregadas com sucesso.
14:19:53.458 [main] DEBUG c.s.security.JwtAuthenticationFilter - Filter 'jwtAuthenticationFilter' configured for use
14:19:53.460 [main] DEBUG o.s.w.f.ServerHttpObservationFilter - Filter 'webMvcObservationFilter' configured for use
14:19:54.206 [main] WARN  org.hibernate.orm.deprecation - HHH90000025: PostgreSQLDialect does not need to be specified explicitly using 'hibernate.dialect' (remove the property setting and it will be selected by default)
14:19:55.236 [main] DEBUG org.hibernate.SQL - 
    alter table if exists refresh_tokens 
       drop constraint if exists FK1lih5y2npsf8u5o3vhdb9y0os
Hibernate: 
    alter table if exists refresh_tokens 
       drop constraint if exists FK1lih5y2npsf8u5o3vhdb9y0os
14:19:55.242 [main] WARN  o.h.e.jdbc.spi.SqlExceptionHelper - SQL Warning Code: 0, SQLState: 00000
14:19:55.242 [main] WARN  o.h.e.jdbc.spi.SqlExceptionHelper - relation "refresh_tokens" does not exist, skipping
14:19:55.242 [main] DEBUG org.hibernate.SQL - 
    alter table if exists user_roles 
       drop constraint if exists FKhfh9dx7w3ubf1co1vdev94g3f
Hibernate: 
    alter table if exists user_roles 
       drop constraint if exists FKhfh9dx7w3ubf1co1vdev94g3f
14:19:55.244 [main] WARN  o.h.e.jdbc.spi.SqlExceptionHelper - SQL Warning Code: 0, SQLState: 00000
14:19:55.244 [main] WARN  o.h.e.jdbc.spi.SqlExceptionHelper - relation "user_roles" does not exist, skipping
14:19:55.244 [main] DEBUG org.hibernate.SQL - 
    drop table if exists refresh_tokens cascade
Hibernate: 
    drop table if exists refresh_tokens cascade
14:19:55.244 [main] WARN  o.h.e.jdbc.spi.SqlExceptionHelper - SQL Warning Code: 0, SQLState: 00000
14:19:55.245 [main] WARN  o.h.e.jdbc.spi.SqlExceptionHelper - table "refresh_tokens" does not exist, skipping
14:19:55.245 [main] DEBUG org.hibernate.SQL - 
    drop table if exists user_roles cascade
Hibernate: 
    drop table if exists user_roles cascade
14:19:55.245 [main] WARN  o.h.e.jdbc.spi.SqlExceptionHelper - SQL Warning Code: 0, SQLState: 00000
14:19:55.245 [main] WARN  o.h.e.jdbc.spi.SqlExceptionHelper - table "user_roles" does not exist, skipping
14:19:55.245 [main] DEBUG org.hibernate.SQL - 
    drop table if exists users cascade
Hibernate: 
    drop table if exists users cascade
14:19:55.246 [main] WARN  o.h.e.jdbc.spi.SqlExceptionHelper - SQL Warning Code: 0, SQLState: 00000
14:19:55.247 [main] WARN  o.h.e.jdbc.spi.SqlExceptionHelper - table "users" does not exist, skipping
14:19:55.254 [main] DEBUG org.hibernate.SQL - 
    create table refresh_tokens (
        is_revoked boolean not null,
        created_at timestamp(6) not null,
        expires_at timestamp(6) not null,
        id bigserial not null,
        last_used_at timestamp(6),
        updated_at timestamp(6) not null,
        user_id bigint not null,
        ip_address varchar(45),
        token varchar(500) not null unique,
        user_agent varchar(500),
        device_info varchar(255),
        primary key (id)
    )
Hibernate: 
    create table refresh_tokens (
        is_revoked boolean not null,
        created_at timestamp(6) not null,
        expires_at timestamp(6) not null,
        id bigserial not null,
        last_used_at timestamp(6),
        updated_at timestamp(6) not null,
        user_id bigint not null,
        ip_address varchar(45),
        token varchar(500) not null unique,
        user_agent varchar(500),
        device_info varchar(255),
        primary key (id)
    )
14:19:55.263 [main] DEBUG org.hibernate.SQL - 
    create table user_roles (
        user_id bigint not null,
        role varchar(255) check (role in ('USER','ADMIN','MODERATOR'))
    )
Hibernate: 
    create table user_roles (
        user_id bigint not null,
        role varchar(255) check (role in ('USER','ADMIN','MODERATOR'))
    )
14:19:55.266 [main] DEBUG org.hibernate.SQL - 
    create table users (
        account_non_expired boolean,
        account_non_locked boolean,
        credentials_non_expired boolean,
        enabled boolean,
        created_at timestamp(6),
        id bigserial not null,
        last_login timestamp(6),
        updated_at timestamp(6),
        email varchar(255) not null unique,
        first_name varchar(255),
        last_name varchar(255),
        password varchar(255) not null,
        username varchar(255) not null unique,
        primary key (id)
    )
Hibernate: 
    create table users (
        account_non_expired boolean,
        account_non_locked boolean,
        credentials_non_expired boolean,
        enabled boolean,
        created_at timestamp(6),
        id bigserial not null,
        last_login timestamp(6),
        updated_at timestamp(6),
        email varchar(255) not null unique,
        first_name varchar(255),
        last_name varchar(255),
        password varchar(255) not null,
        username varchar(255) not null unique,
        primary key (id)
    )
14:19:55.271 [main] DEBUG org.hibernate.SQL - 
    create index idx_user_id 
       on refresh_tokens (user_id)
Hibernate: 
    create index idx_user_id 
       on refresh_tokens (user_id)
14:19:55.273 [main] DEBUG org.hibernate.SQL - 
    create index idx_expires_at 
       on refresh_tokens (expires_at)
Hibernate: 
    create index idx_expires_at 
       on refresh_tokens (expires_at)
14:19:55.274 [main] DEBUG org.hibernate.SQL - 
    alter table if exists refresh_tokens 
       add constraint FK1lih5y2npsf8u5o3vhdb9y0os 
       foreign key (user_id) 
       references users
Hibernate: 
    alter table if exists refresh_tokens 
       add constraint FK1lih5y2npsf8u5o3vhdb9y0os 
       foreign key (user_id) 
       references users
14:19:55.278 [main] DEBUG org.hibernate.SQL - 
    alter table if exists user_roles 
       add constraint FKhfh9dx7w3ubf1co1vdev94g3f 
       foreign key (user_id) 
       references users
Hibernate: 
    alter table if exists user_roles 
       add constraint FKhfh9dx7w3ubf1co1vdev94g3f 
       foreign key (user_id) 
       references users
14:19:57.918 [main] WARN  o.s.b.a.o.j.JpaBaseConfiguration$JpaWebConfiguration - spring.jpa.open-in-view is enabled by default. Therefore, database queries may be performed during view rendering. Explicitly configure spring.jpa.open-in-view to disable this warning
14:19:58.344 [main] DEBUG o.s.w.s.m.m.a.RequestMappingHandlerMapping - 23 mappings in 'requestMappingHandlerMapping'
14:19:58.752 [main] DEBUG o.s.w.s.h.SimpleUrlHandlerMapping - Patterns [/webjars/**, /**] in 'resourceHandlerMapping'
14:19:59.224 [main] DEBUG o.s.w.s.m.m.a.RequestMappingHandlerAdapter - ControllerAdvice beans: 0 @ModelAttribute, 0 @InitBinder, 1 RequestBodyAdvice, 1 ResponseBodyAdvice
14:19:59.267 [main] DEBUG o.s.w.s.m.m.a.ExceptionHandlerExceptionResolver - ControllerAdvice beans: 0 @ExceptionHandler, 1 ResponseBodyAdvice
14:19:59.705 [main] INFO  c.s.i.HealthControllerIntegrationTest - Started HealthControllerIntegrationTest in 10.549 seconds (process running for 21.249)
14:19:59.802 [main] DEBUG o.s.web.client.RestTemplate - HTTP GET http://localhost:45383/
14:19:59.818 [main] DEBUG o.s.web.client.RestTemplate - Accept=[text/plain, application/json, application/*+json, */*]
14:19:59.886 [http-nio-auto-1-exec-1] INFO  o.s.web.servlet.DispatcherServlet - Initializing Servlet 'dispatcherServlet'
14:19:59.886 [http-nio-auto-1-exec-1] DEBUG o.s.web.servlet.DispatcherServlet - Detected StandardServletMultipartResolver
14:19:59.886 [http-nio-auto-1-exec-1] DEBUG o.s.web.servlet.DispatcherServlet - Detected AcceptHeaderLocaleResolver
14:19:59.886 [http-nio-auto-1-exec-1] DEBUG o.s.web.servlet.DispatcherServlet - Detected FixedThemeResolver
14:19:59.887 [http-nio-auto-1-exec-1] DEBUG o.s.web.servlet.DispatcherServlet - Detected org.springframework.web.servlet.view.DefaultRequestToViewNameTranslator@42119713
14:19:59.888 [http-nio-auto-1-exec-1] DEBUG o.s.web.servlet.DispatcherServlet - Detected org.springframework.web.servlet.support.SessionFlashMapManager@378cccc8
14:19:59.888 [http-nio-auto-1-exec-1] DEBUG o.s.web.servlet.DispatcherServlet - enableLoggingRequestDetails='false': request parameters and headers will be masked to prevent unsafe logging of potentially sensitive data
14:19:59.888 [http-nio-auto-1-exec-1] INFO  o.s.web.servlet.DispatcherServlet - Completed initialization in 2 ms
14:19:59.915 [http-nio-auto-1-exec-1] WARN  o.s.w.s.h.HandlerMappingIntrospector - Cache miss for REQUEST dispatch to '/' (previous null). Performing MatchableHandlerMapping lookup. This is logged once only at WARN level, and every time at TRACE.
14:19:59.926 [http-nio-auto-1-exec-1] DEBUG o.s.web.servlet.DispatcherServlet - GET "/", parameters={}
14:19:59.928 [http-nio-auto-1-exec-1] DEBUG o.s.w.s.m.m.a.RequestMappingHandlerMapping - Mapped to com.sistema.controller.HomeController#home(Model)
14:19:59.952 [http-nio-auto-1-exec-1] DEBUG o.s.w.s.v.ContentNegotiatingViewResolver - Selected '*/*' given [text/plain, application/json, application/*+json, */*]
14:20:00.274 [main] DEBUG o.s.web.client.RestTemplate - Response 200 OK
14:20:00.275 [main] DEBUG o.s.web.client.RestTemplate - Reading to [java.lang.String] as "text/html;charset=UTF-8"
14:20:00.278 [http-nio-auto-1-exec-1] DEBUG o.s.web.servlet.DispatcherServlet - Completed 200 OK
]]></system-out>
  </testcase>
  <testcase name="shouldReturnHealthCheckWithStatus200AndCorrectData" classname="com.sistema.integration.HealthControllerIntegrationTest" time="0.067">
    <system-out><![CDATA[14:20:00.296 [main] DEBUG o.s.web.client.RestTemplate - HTTP GET http://localhost:45383/api/health
14:20:00.298 [main] DEBUG o.s.web.client.RestTemplate - Accept=[application/json, application/*+json]
14:20:00.308 [http-nio-auto-1-exec-2] DEBUG o.s.web.servlet.DispatcherServlet - GET "/api/health", parameters={}
14:20:00.309 [http-nio-auto-1-exec-2] DEBUG o.s.w.s.m.m.a.RequestMappingHandlerMapping - Mapped to com.sistema.controller.HealthController#health()
14:20:00.320 [http-nio-auto-1-exec-2] DEBUG o.s.w.s.m.m.a.HttpEntityMethodProcessor - Using 'application/json', given [application/json, application/*+json] and supported [application/json, application/*+json]
14:20:00.321 [http-nio-auto-1-exec-2] DEBUG o.s.w.s.m.m.a.HttpEntityMethodProcessor - Writing [{service=Sistema Java Backend, version=1.0.0, status=UP, timestamp=2025-09-15T14:20:00.310955647}]
14:20:00.337 [main] DEBUG o.s.web.client.RestTemplate - Response 200 OK
14:20:00.337 [http-nio-auto-1-exec-2] DEBUG o.s.web.servlet.DispatcherServlet - Completed 200 OK
14:20:00.338 [main] DEBUG o.s.web.client.RestTemplate - Reading to [java.util.Map<?, ?>]
]]></system-out>
  </testcase>
  <testcase name="shouldRedirectApiSimpleToHomePage" classname="com.sistema.integration.HealthControllerIntegrationTest" time="0.055">
    <system-out><![CDATA[14:20:00.368 [main] DEBUG o.s.web.client.RestTemplate - HTTP GET http://localhost:45383/api-simple
14:20:00.369 [main] DEBUG o.s.web.client.RestTemplate - Accept=[text/plain, application/json, application/*+json, */*]
14:20:00.377 [http-nio-auto-1-exec-3] DEBUG o.s.web.servlet.DispatcherServlet - GET "/api-simple", parameters={}
14:20:00.378 [http-nio-auto-1-exec-3] DEBUG o.s.w.s.m.m.a.RequestMappingHandlerMapping - Mapped to com.sistema.controller.HomeController#apiSimple()
14:20:00.390 [http-nio-auto-1-exec-3] DEBUG o.s.web.servlet.view.RedirectView - View name 'redirect:', model {}
14:20:00.391 [http-nio-auto-1-exec-3] DEBUG o.s.web.servlet.DispatcherServlet - Completed 302 FOUND
14:20:00.398 [http-nio-auto-1-exec-5] DEBUG o.s.web.servlet.DispatcherServlet - GET "/", parameters={}
14:20:00.398 [http-nio-auto-1-exec-5] DEBUG o.s.w.s.m.m.a.RequestMappingHandlerMapping - Mapped to com.sistema.controller.HomeController#home(Model)
14:20:00.400 [http-nio-auto-1-exec-5] DEBUG o.s.w.s.v.ContentNegotiatingViewResolver - Selected '*/*' given [text/plain, application/json, application/*+json, */*]
14:20:00.409 [main] DEBUG o.s.web.client.RestTemplate - Response 200 OK
14:20:00.410 [main] DEBUG o.s.web.client.RestTemplate - Reading to [java.lang.String] as "text/html;charset=UTF-8"
14:20:00.413 [http-nio-auto-1-exec-5] DEBUG o.s.web.servlet.DispatcherServlet - Completed 200 OK
]]></system-out>
  </testcase>
  <testcase name="shouldTestRedisConnectivitySuccessfully" classname="com.sistema.integration.HealthControllerIntegrationTest" time="0.49">
    <system-out><![CDATA[14:20:00.425 [main] DEBUG o.s.web.client.RestTemplate - HTTP GET http://localhost:45383/api/redis-test
14:20:00.426 [main] DEBUG o.s.web.client.RestTemplate - Accept=[application/json, application/*+json]
14:20:00.439 [http-nio-auto-1-exec-6] DEBUG o.s.web.servlet.DispatcherServlet - GET "/api/redis-test", parameters={}
14:20:00.441 [http-nio-auto-1-exec-6] DEBUG o.s.w.s.m.m.a.RequestMappingHandlerMapping - Mapped to com.sistema.controller.HealthController#testRedis()
14:20:00.904 [http-nio-auto-1-exec-6] DEBUG o.s.w.s.m.m.a.HttpEntityMethodProcessor - Using 'application/json', given [application/json, application/*+json] and supported [application/json, application/*+json]
14:20:00.904 [http-nio-auto-1-exec-6] DEBUG o.s.w.s.m.m.a.HttpEntityMethodProcessor - Writing [{value_stored=Redis funcionando em 2025-09-15T14:20:00.441494296, redis_working=true, value_retrieve (truncated)...]
14:20:00.906 [http-nio-auto-1-exec-6] DEBUG o.s.web.servlet.DispatcherServlet - Completed 200 OK
14:20:00.906 [main] DEBUG o.s.web.client.RestTemplate - Response 200 OK
14:20:00.907 [main] DEBUG o.s.web.client.RestTemplate - Reading to [java.util.Map<?, ?>]
]]></system-out>
  </testcase>
  <testcase name="shouldReturnApplicationInfoWithStatus200" classname="com.sistema.integration.HealthControllerIntegrationTest" time="0.023">
    <system-out><![CDATA[14:20:00.918 [main] DEBUG o.s.web.client.RestTemplate - HTTP GET http://localhost:45383/api/info
14:20:00.918 [main] DEBUG o.s.web.client.RestTemplate - Accept=[application/json, application/*+json]
14:20:00.926 [http-nio-auto-1-exec-7] DEBUG o.s.web.servlet.DispatcherServlet - GET "/api/info", parameters={}
14:20:00.927 [http-nio-auto-1-exec-7] DEBUG o.s.w.s.m.m.a.RequestMappingHandlerMapping - Mapped to com.sistema.controller.HealthController#info()
14:20:00.927 [http-nio-auto-1-exec-7] DEBUG o.s.w.s.m.m.a.HttpEntityMethodProcessor - Using 'application/json', given [application/json, application/*+json] and supported [application/json, application/*+json]
14:20:00.928 [http-nio-auto-1-exec-7] DEBUG o.s.w.s.m.m.a.HttpEntityMethodProcessor - Writing [{application=Sistema Java, java_version=17.0.16, description=Sistema Java com Spring Boot, PostgreSQ (truncated)...]
14:20:00.930 [main] DEBUG o.s.web.client.RestTemplate - Response 200 OK
14:20:00.930 [http-nio-auto-1-exec-7] DEBUG o.s.web.servlet.DispatcherServlet - Completed 200 OK
14:20:00.931 [main] DEBUG o.s.web.client.RestTemplate - Reading to [java.util.Map<?, ?>]
]]></system-out>
  </testcase>
</testsuite>