GROUP,PACKAGE,CLASS,INSTRUCTION_MISSED,INSTRUCTION_COVERED,BRANCH_MISSED,BRANCH_COVERED,LINE_MISSED,LINE_COVERED,COMPLEXITY_MISSED,COMPLEXITY_COVERED,METHOD_MISSED,METHOD_COVERED
sistema-java,com.sistema.controller,AuthController.RefreshTokenRequest,3,7,0,0,1,2,1,2,1,2
sistema-java,com.sistema.controller,RSATestController,90,3,8,0,15,1,5,1,1,1
sistema-java,com.sistema.controller,AuthController,331,288,20,10,83,77,20,9,5,9
sistema-java,com.sistema.controller,LoginController,80,3,4,0,17,1,6,1,4,1
sistema-java,com.sistema.controller,HealthController,0,128,0,0,0,28,0,4,0,4
sistema-java,com.sistema.controller,AuthController.RegisterRequest,0,38,0,0,0,11,0,11,0,11
sistema-java,com.sistema.controller,AuthController.LoginRequest,0,17,0,0,0,5,0,5,0,5
sistema-java,com.sistema.controller,AuthController.ChangePasswordRequest,0,17,0,0,0,5,0,5,0,5
sistema-java,com.sistema.controller,WebController,17,3,0,0,4,1,1,1,1,1
sistema-java,com.sistema.controller,AuthController.EnableUserRequest,10,0,0,0,3,0,3,0,3,0
sistema-java,com.sistema.controller,AuthController.ValidateTokenRequest,0,10,0,0,0,3,0,3,0,3
sistema-java,com.sistema.controller,AuthController.LogoutRequest,0,20,0,0,0,6,0,5,0,5
sistema-java,com.sistema.controller,HomeController,0,17,0,0,0,5,0,3,0,3
sistema-java,com.sistema.service,RefreshTokenService,234,230,17,21,51,53,20,18,8,11
sistema-java,com.sistema.service,AuthService,2,546,1,19,0,121,1,31,0,22
sistema-java,com.sistema.service,TokenBlacklistService,27,267,0,22,9,67,0,21,0,10
sistema-java,com.sistema.service,JwtService,92,309,4,8,30,68,6,21,2,19
sistema-java,com.sistema.security,JwtAuthenticationFilter,144,82,36,18,39,23,28,9,5,5
